  inertia.cpp
c:\users\2540p\source\repos\rise a babble\inertia.cpp(7): warning C4005: '_DEBUG': マクロが再定義されました。
  c:\users\2540p\source\repos\rise a babble\inertia.cpp: note: '_DEBUG' の以前の定義を確認してください
c:\users\2540p\source\repos\rise a babble\inertia.cpp(64): warning C4091: 'typedef ': 変数が何も宣言されていないときは、'<unnamed-enum-UP>' の左辺を無視します。
c:\users\2540p\source\repos\rise a babble\inertia.cpp(164): warning C4244: '=': 'double' から 'float' への変換です。データが失われる可能性があります。
c:\users\2540p\source\repos\rise a babble\inertia.cpp(165): warning C4244: '=': 'double' から 'float' への変換です。データが失われる可能性があります。
c:\users\2540p\source\repos\rise a babble\inertia.cpp(167): warning C4244: '初期化中': 'double' から 'float' への変換です。データが失われる可能性があります。
c:\users\2540p\source\repos\rise a babble\inertia.cpp(170): warning C4244: '引数': 'float' から 'int' への変換です。データが失われる可能性があります。
c:\users\2540p\source\repos\rise a babble\inertia.cpp(171): warning C4244: '引数': 'float' から 'int' への変換です。データが失われる可能性があります。
c:\users\2540p\source\repos\rise a babble\inertia.cpp(264): warning C4244: '引数': 'float' から 'int' への変換です。データが失われる可能性があります。
c:\users\2540p\source\repos\rise a babble\inertia.cpp(265): warning C4244: '引数': 'float' から 'int' への変換です。データが失われる可能性があります。
c:\users\2540p\source\repos\rise a babble\inertia.cpp(266): warning C4244: '引数': 'float' から 'int' への変換です。データが失われる可能性があります。
c:\users\2540p\source\repos\rise a babble\inertia.cpp(267): warning C4244: '引数': 'float' から 'int' への変換です。データが失われる可能性があります。
c:\users\2540p\source\repos\rise a babble\inertia.cpp(268): warning C4244: '引数': 'float' から 'int' への変換です。データが失われる可能性があります。
c:\users\2540p\source\repos\rise a babble\inertia.cpp(269): warning C4244: '引数': 'float' から 'int' への変換です。データが失われる可能性があります。
c:\users\2540p\source\repos\rise a babble\inertia.cpp(270): warning C4244: '引数': 'float' から 'int' への変換です。データが失われる可能性があります。
c:\users\2540p\source\repos\rise a babble\inertia.cpp(271): warning C4244: '引数': 'float' から 'int' への変換です。データが失われる可能性があります。
c:\users\2540p\source\repos\rise a babble\inertia.cpp(297): warning C4244: '=': 'int' から 'float' への変換です。データが失われる可能性があります。
c:\users\2540p\source\repos\rise a babble\inertia.cpp(312): warning C4244: '=': 'int' から 'float' への変換です。データが失われる可能性があります。
c:\users\2540p\source\repos\rise a babble\inertia.cpp(328): warning C4244: '=': 'int' から 'float' への変換です。データが失われる可能性があります。
c:\users\2540p\source\repos\rise a babble\inertia.cpp(333): warning C4244: '=': 'int' から 'float' への変換です。データが失われる可能性があります。
c:\users\2540p\source\repos\rise a babble\inertia.cpp(142): warning C4715: 'LoadImages': 値を返さないコントロール パスがあります。
  rise a babble.vcxproj -> C:\Users\2540p\source\repos\rise a babble\Debug\rise a babble.exe
